This is pdfTeX, Version 3.14159265-2.6-1.40.18 (MiKTeX 2.9.6300 64-bit) (preloaded format=pdflatex 2017.5.15)  12 JUN 2017 20:39
entering extended mode
**./main_trials.tex
(main_trials.tex
LaTeX2e <2017-04-15>
Babel <3.9r> and hyphenation patterns for 75 language(s) loaded.
("C:\Program Files\MiKTeX 2.9\tex\latex\base\article.cls"
Document Class: article 2014/09/29 v1.4h Standard LaTeX document class
("C:\Program Files\MiKTeX 2.9\tex\latex\base\size10.clo"
File: size10.clo 2014/09/29 v1.4h Standard LaTeX file (size option)
)
\c@part=\count79
\c@section=\count80
\c@subsection=\count81
\c@subsubsection=\count82
\c@paragraph=\count83
\c@subparagraph=\count84
\c@figure=\count85
\c@table=\count86
\abovecaptionskip=\skip41
\belowcaptionskip=\skip42
\bibindent=\dimen102
) (cvpr.sty
("C:\Program Files\MiKTeX 2.9\tex\latex\eso-pic\eso-pic.sty"
Package: eso-pic 2015/07/21 v2.0g eso-pic (RN)

("C:\Program Files\MiKTeX 2.9\tex\generic\oberdiek\atbegshi.sty"
Package: atbegshi 2016/06/09 v1.18 At begin shipout hook (HO)

("C:\Program Files\MiKTeX 2.9\tex\generic\oberdiek\infwarerr.sty"
Package: infwarerr 2016/05/16 v1.4 Providing info/warning/error messages (HO)
)
("C:\Program Files\MiKTeX 2.9\tex\generic\oberdiek\ltxcmds.sty"
Package: ltxcmds 2016/05/16 v1.23 LaTeX kernel commands for general use (HO)
)
("C:\Program Files\MiKTeX 2.9\tex\generic\oberdiek\ifpdf.sty"
Package: ifpdf 2017/03/15 v3.2 Provides the ifpdf switch
))
("C:\Program Files\MiKTeX 2.9\tex\latex\graphics\keyval.sty"
Package: keyval 2014/10/28 v1.15 key=value parser (DPC)
\KV@toks@=\toks14
) ("C:\Program Files\MiKTeX 2.9\tex\latex\xcolor\xcolor.sty"
Package: xcolor 2016/05/11 v2.12 LaTeX color extensions (UK)
("C:\Program Files\MiKTeX 2.9\tex\latex\graphics-cfg\color.cfg"
File: color.cfg 2016/01/02 v1.6 sample color configuration
)
Package xcolor Info: Driver file: pdftex.def on input line 225.

("C:\Program Files\MiKTeX 2.9\tex\latex\graphics-def\pdftex.def"
File: pdftex.def 2017/01/12 v0.06k Graphics/color for pdfTeX
\Gread@gobject=\count87
)
Package xcolor Info: Model `cmy' substituted by `cmy0' on input line 1348.
Package xcolor Info: Model `hsb' substituted by `rgb' on input line 1352.
Package xcolor Info: Model `RGB' extended on input line 1364.
Package xcolor Info: Model `HTML' substituted by `rgb' on input line 1366.
Package xcolor Info: Model `Hsb' substituted by `hsb' on input line 1367.
Package xcolor Info: Model `tHsb' substituted by `hsb' on input line 1368.
Package xcolor Info: Model `HSB' substituted by `hsb' on input line 1369.
Package xcolor Info: Model `Gray' substituted by `gray' on input line 1370.
Package xcolor Info: Model `wave' substituted by `hsb' on input line 1371.
))
("C:\Program Files\MiKTeX 2.9\tex\latex\tools\xspace.sty"
Package: xspace 2014/10/28 v1.13 Space after command names (DPC,MH)
)
CVPR 8.5 x 11-Inch Proceedings Style `cvpr.sty'.
\@ctmp=\skip43
\@figindent=\skip44
\cvprrulerbox=\box26
\cvprrulercount=\count88
\cvprruleroffset=\dimen103
\cv@lineheight=\dimen104
\cv@boxheight=\dimen105
\cv@tmpbox=\box27
\cv@refno=\count89
\cv@tot=\count90
\cv@tmpc@=\count91
\cv@tmpc=\count92
) ("C:\Program Files\MiKTeX 2.9\tex\latex\psnfss\times.sty"
Package: times 2005/04/12 PSNFSS-v9.2a (SPQR) 
) ("C:\Program Files\MiKTeX 2.9\tex\latex\graphics\epsfig.sty"
Package: epsfig 1999/02/16 v1.7a (e)psfig emulation (SPQR)
 ("C:\Program Files\MiKTeX 2.9\tex\latex\graphics\graphicx.sty"
Package: graphicx 2014/10/28 v1.0g Enhanced LaTeX Graphics (DPC,SPQR)

("C:\Program Files\MiKTeX 2.9\tex\latex\graphics\graphics.sty"
Package: graphics 2017/04/14 v1.1b Standard LaTeX Graphics (DPC,SPQR)
 ("C:\Program Files\MiKTeX 2.9\tex\latex\graphics\trig.sty"
Package: trig 2016/01/03 v1.10 sin cos tan (DPC)
) ("C:\Program Files\MiKTeX 2.9\tex\latex\graphics-cfg\graphics.cfg"
File: graphics.cfg 2016/06/04 v1.11 sample graphics configuration
)
Package graphics Info: Driver file: pdftex.def on input line 99.
)
\Gin@req@height=\dimen106
\Gin@req@width=\dimen107
)
\epsfxsize=\dimen108
\epsfysize=\dimen109
)
("C:\Program Files\MiKTeX 2.9\tex\latex\amsmath\amsmath.sty"
Package: amsmath 2016/11/05 v2.16a AMS math features
\@mathmargin=\skip45

For additional information on amsmath, use the `?' option.
("C:\Program Files\MiKTeX 2.9\tex\latex\amsmath\amstext.sty"
Package: amstext 2000/06/29 v2.01 AMS text
 ("C:\Program Files\MiKTeX 2.9\tex\latex\amsmath\amsgen.sty"
File: amsgen.sty 1999/11/30 v2.0 generic functions
\@emptytoks=\toks15
\ex@=\dimen110
)) ("C:\Program Files\MiKTeX 2.9\tex\latex\amsmath\amsbsy.sty"
Package: amsbsy 1999/11/29 v1.2d Bold Symbols
\pmbraise@=\dimen111
)
("C:\Program Files\MiKTeX 2.9\tex\latex\amsmath\amsopn.sty"
Package: amsopn 2016/03/08 v2.02 operator names
)
\inf@bad=\count93
LaTeX Info: Redefining \frac on input line 213.
\uproot@=\count94
\leftroot@=\count95
LaTeX Info: Redefining \overline on input line 375.
\classnum@=\count96
\DOTSCASE@=\count97
LaTeX Info: Redefining \ldots on input line 472.
LaTeX Info: Redefining \dots on input line 475.
LaTeX Info: Redefining \cdots on input line 596.
\Mathstrutbox@=\box28
\strutbox@=\box29
\big@size=\dimen112
LaTeX Font Info:    Redeclaring font encoding OML on input line 712.
LaTeX Font Info:    Redeclaring font encoding OMS on input line 713.
\macc@depth=\count98
\c@MaxMatrixCols=\count99
\dotsspace@=\muskip10
\c@parentequation=\count100
\dspbrk@lvl=\count101
\tag@help=\toks16
\row@=\count102
\column@=\count103
\maxfields@=\count104
\andhelp@=\toks17
\eqnshift@=\dimen113
\alignsep@=\dimen114
\tagshift@=\dimen115
\tagwidth@=\dimen116
\totwidth@=\dimen117
\lineht@=\dimen118
\@envbody=\toks18
\multlinegap=\skip46
\multlinetaggap=\skip47
\mathdisplay@stack=\toks19
LaTeX Info: Redefining \[ on input line 2817.
LaTeX Info: Redefining \] on input line 2818.
)
("C:\Program Files\MiKTeX 2.9\tex\latex\amsfonts\amssymb.sty"
Package: amssymb 2013/01/14 v3.01 AMS font symbols

("C:\Program Files\MiKTeX 2.9\tex\latex\amsfonts\amsfonts.sty"
Package: amsfonts 2013/01/14 v3.01 Basic AMSFonts support
\symAMSa=\mathgroup4
\symAMSb=\mathgroup5
LaTeX Font Info:    Overwriting math alphabet `\mathfrak' in version `bold'
(Font)                  U/euf/m/n --> U/euf/b/n on input line 106.
))
("C:\Program Files\MiKTeX 2.9\tex\latex\enumitem\enumitem.sty"
Package: enumitem 2011/09/28 v3.5.2 Customized lists
\labelindent=\skip48
\enit@outerparindent=\dimen119
\enit@toks=\toks20
\enit@inbox=\box30
\enitdp@description=\count105
)
("C:\Program Files\MiKTeX 2.9\tex\latex\caption\subcaption.sty"
Package: subcaption 2016/05/22 v1.1-161 Sub-captions (AR)

("C:\Program Files\MiKTeX 2.9\tex\latex\caption\caption.sty"
Package: caption 2016/02/21 v3.3-144 Customizing captions (AR)
 ("C:\Program Files\MiKTeX 2.9\tex\latex\caption\caption3.sty"
Package: caption3 2016/05/22 v1.7-166 caption3 kernel (AR)
Package caption3 Info: TeX engine: e-TeX on input line 67.
\captionmargin=\dimen120
\captionmargin@=\dimen121
\captionwidth=\dimen122
\caption@tempdima=\dimen123
\caption@indent=\dimen124
\caption@parindent=\dimen125
\caption@hangindent=\dimen126
Package caption Info: Unknown document class (or package),
(caption)             standard defaults will be used.
)

Package caption Warning: Unsupported document class (or package) detected,
(caption)                usage of the caption package is not recommended.
See the caption package documentation for explanation.

Package caption Info: \@makecaption = \long macro:#1#2-> \setbox \@tempboxa \hbox {\small \noindent #1.~#2} \setlength {
\@ctmp }{\hsize } \addtolength {\@ctmp }{-\@figindent }\addtolength {\@ctmp }{-\@figindent } \ifdim \wd \@tempboxa >\@ct
mp {\small #1.~#2\par } \else \hbox to\hsize {\hfil \box \@tempboxa \hfil } \fi .
\c@ContinuedFloat=\count106
)
\c@subfigure=\count107
\c@subtable=\count108
) ("C:\Program Files\MiKTeX 2.9\tex\latex\hyperref\hyperref.sty"
Package: hyperref 2017/03/14 v6.85a Hypertext links for LaTeX

("C:\Program Files\MiKTeX 2.9\tex\generic\oberdiek\hobsub-hyperref.sty"
Package: hobsub-hyperref 2016/05/16 v1.14 Bundle oberdiek, subset hyperref (HO)

("C:\Program Files\MiKTeX 2.9\tex\generic\oberdiek\hobsub-generic.sty"
Package: hobsub-generic 2016/05/16 v1.14 Bundle oberdiek, subset generic (HO)
Package: hobsub 2016/05/16 v1.14 Construct package bundles (HO)
Package hobsub Info: Skipping package `infwarerr' (already loaded).
Package hobsub Info: Skipping package `ltxcmds' (already loaded).
Package: ifluatex 2016/05/16 v1.4 Provides the ifluatex switch (HO)
Package ifluatex Info: LuaTeX not detected.
Package: ifvtex 2016/05/16 v1.6 Detect VTeX and its facilities (HO)
Package ifvtex Info: VTeX not detected.
Package: intcalc 2016/05/16 v1.2 Expandable calculations with integers (HO)
Package hobsub Info: Skipping package `ifpdf' (already loaded).
Package: etexcmds 2016/05/16 v1.6 Avoid name clashes with e-TeX commands (HO)
Package etexcmds Info: Could not find \expanded.
(etexcmds)             That can mean that you are not using pdfTeX 1.50 or
(etexcmds)             that some package has redefined \expanded.
(etexcmds)             In the latter case, load this package earlier.
Package: kvsetkeys 2016/05/16 v1.17 Key value parser (HO)
Package: kvdefinekeys 2016/05/16 v1.4 Define keys (HO)
Package: pdftexcmds 2017/03/19 v0.25 Utility functions of pdfTeX for LuaTeX (HO)
Package pdftexcmds Info: LuaTeX not detected.
Package pdftexcmds Info: \pdf@primitive is available.
Package pdftexcmds Info: \pdf@ifprimitive is available.
Package pdftexcmds Info: \pdfdraftmode found.
Package: pdfescape 2016/05/16 v1.14 Implements pdfTeX's escape features (HO)
Package: bigintcalc 2016/05/16 v1.4 Expandable calculations on big integers (HO)
Package: bitset 2016/05/16 v1.2 Handle bit-vector datatype (HO)
Package: uniquecounter 2016/05/16 v1.3 Provide unlimited unique counter (HO)
)
Package hobsub Info: Skipping package `hobsub' (already loaded).
Package: letltxmacro 2016/05/16 v1.5 Let assignment for LaTeX macros (HO)
Package: hopatch 2016/05/16 v1.3 Wrapper for package hooks (HO)
Package: xcolor-patch 2016/05/16 xcolor patch
Package: atveryend 2016/05/16 v1.9 Hooks at the very end of document (HO)
Package atveryend Info: \enddocument detected (standard20110627).
Package hobsub Info: Skipping package `atbegshi' (already loaded).
Package: refcount 2016/05/16 v3.5 Data extraction from label references (HO)
Package: hycolor 2016/05/16 v1.8 Color options for hyperref/bookmark (HO)
)
("C:\Program Files\MiKTeX 2.9\tex\generic\ifxetex\ifxetex.sty"
Package: ifxetex 2010/09/12 v0.6 Provides ifxetex conditional
)
("C:\Program Files\MiKTeX 2.9\tex\latex\oberdiek\auxhook.sty"
Package: auxhook 2016/05/16 v1.4 Hooks for auxiliary files (HO)
)
("C:\Program Files\MiKTeX 2.9\tex\latex\oberdiek\kvoptions.sty"
Package: kvoptions 2016/05/16 v3.12 Key value format for package options (HO)
)
\@linkdim=\dimen127
\Hy@linkcounter=\count109
\Hy@pagecounter=\count110

("C:\Program Files\MiKTeX 2.9\tex\latex\hyperref\pd1enc.def"
File: pd1enc.def 2017/03/14 v6.85a Hyperref: PDFDocEncoding definition (HO)
)
\Hy@SavedSpaceFactor=\count111

("C:\Program Files\MiKTeX 2.9\tex\latex\00miktex\hyperref.cfg"
File: hyperref.cfg 2002/06/06 v1.2 hyperref configuration of TeXLive
)
Package hyperref Info: Option `breaklinks' set `true' on input line 4374.
Package hyperref Info: Option `bookmarks' set `false' on input line 4374.
Package hyperref Info: Hyper figures OFF on input line 4498.
Package hyperref Info: Link nesting OFF on input line 4503.
Package hyperref Info: Hyper index ON on input line 4506.
Package hyperref Info: Plain pages OFF on input line 4513.
Package hyperref Info: Backreferencing OFF on input line 4518.
Package hyperref Info: Implicit mode ON; LaTeX internals redefined.
Package hyperref Info: Bookmarks OFF on input line 4757.
\c@Hy@tempcnt=\count112
 ("C:\Program Files\MiKTeX 2.9\tex\latex\url\url.sty"
\Urlmuskip=\muskip11
Package: url 2013/09/16  ver 3.4  Verb mode for urls, etc.
)
LaTeX Info: Redefining \url on input line 5104.
\XeTeXLinkMargin=\dimen128
\Fld@menulength=\count113
\Field@Width=\dimen129
\Fld@charsize=\dimen130
Package hyperref Info: Hyper figures OFF on input line 6358.
Package hyperref Info: Link nesting OFF on input line 6363.
Package hyperref Info: Hyper index ON on input line 6366.
Package hyperref Info: backreferencing OFF on input line 6373.
Package hyperref Info: Link coloring OFF on input line 6378.
Package hyperref Info: Link coloring with OCG OFF on input line 6383.
Package hyperref Info: PDF/A mode OFF on input line 6388.
LaTeX Info: Redefining \ref on input line 6428.
LaTeX Info: Redefining \pageref on input line 6432.
\Hy@abspage=\count114
\c@Item=\count115
\c@Hfootnote=\count116
)

Package hyperref Message: Driver (autodetected): hpdftex.

("C:\Program Files\MiKTeX 2.9\tex\latex\hyperref\hpdftex.def"
File: hpdftex.def 2017/03/14 v6.85a Hyperref driver for pdfTeX
\Fld@listcount=\count117
\c@bookmark@seq@number=\count118

("C:\Program Files\MiKTeX 2.9\tex\latex\oberdiek\rerunfilecheck.sty"
Package: rerunfilecheck 2016/05/16 v1.8 Rerun checks for auxiliary files (HO)
Package uniquecounter Info: New unique counter `rerunfilecheck' on input line 282.
)
\Hy@SectionHShift=\skip49
) (main_trials.aux)
\openout1 = `main_trials.aux'.

LaTeX Font Info:    Checking defaults for OML/cmm/m/it on input line 27.
LaTeX Font Info:    ... okay on input line 27.
LaTeX Font Info:    Checking defaults for T1/cmr/m/n on input line 27.
LaTeX Font Info:    ... okay on input line 27.
LaTeX Font Info:    Checking defaults for OT1/cmr/m/n on input line 27.
LaTeX Font Info:    ... okay on input line 27.
LaTeX Font Info:    Checking defaults for OMS/cmsy/m/n on input line 27.
LaTeX Font Info:    ... okay on input line 27.
LaTeX Font Info:    Checking defaults for OMX/cmex/m/n on input line 27.
LaTeX Font Info:    ... okay on input line 27.
LaTeX Font Info:    Checking defaults for U/cmr/m/n on input line 27.
LaTeX Font Info:    ... okay on input line 27.
LaTeX Font Info:    Checking defaults for PD1/pdf/m/n on input line 27.
LaTeX Font Info:    ... okay on input line 27.
LaTeX Font Info:    Try loading font information for OT1+ptm on input line 27.

("C:\Program Files\MiKTeX 2.9\tex\latex\psnfss\ot1ptm.fd"
File: ot1ptm.fd 2001/06/04 font definitions for OT1/ptm.
)
\AtBeginShipoutBox=\box31
 ("C:\Program Files\MiKTeX 2.9\tex\context\base\supp-pdf.mkii"
[Loading MPS to PDF converter (version 2006.09.02).]
\scratchcounter=\count119
\scratchdimen=\dimen131
\scratchbox=\box32
\nofMPsegments=\count120
\nofMParguments=\count121
\everyMPshowfont=\toks21
\MPscratchCnt=\count122
\MPscratchDim=\dimen132
\MPnumerator=\count123
\makeMPintoPDFobject=\count124
\everyMPtoPDFconversion=\toks22
) ("C:\Program Files\MiKTeX 2.9\tex\latex\oberdiek\epstopdf-base.sty"
Package: epstopdf-base 2016/05/15 v2.6 Base part for package epstopdf

("C:\Program Files\MiKTeX 2.9\tex\latex\oberdiek\grfext.sty"
Package: grfext 2016/05/16 v1.2 Manage graphics extensions (HO)
)
Package epstopdf-base Info: Redefining graphics rule for `.eps' on input line 438.
Package grfext Info: Graphics extension search list:
(grfext)             [.png,.pdf,.jpg,.mps,.jpeg,.jbig2,.jb2,.PNG,.PDF,.JPG,.JPEG,.JBIG2,.JB2,.eps]
(grfext)             \AppendGraphicsExtensions on input line 456.
)
Package caption Info: Begin \AtBeginDocument code.
Package caption Info: hyperref package is loaded.
Package caption Info: End \AtBeginDocument code.
Package hyperref Info: Link coloring OFF on input line 27.

("C:\Program Files\MiKTeX 2.9\tex\latex\hyperref\nameref.sty"
Package: nameref 2016/05/21 v2.44 Cross-referencing by name of section

("C:\Program Files\MiKTeX 2.9\tex\generic\oberdiek\gettitlestring.sty"
Package: gettitlestring 2016/05/16 v1.5 Cleanup title references (HO)
)
\c@section@level=\count125
)
LaTeX Info: Redefining \ref on input line 27.
LaTeX Info: Redefining \pageref on input line 27.
LaTeX Info: Redefining \nameref on input line 27.
LaTeX Font Info:    Font shape `OT1/ptm/bx/n' in size <14.4> not available
(Font)              Font shape `OT1/ptm/b/n' tried instead on input line 50.
LaTeX Font Info:    Try loading font information for U+msa on input line 50.

("C:\Program Files\MiKTeX 2.9\tex\latex\amsfonts\umsa.fd"
File: umsa.fd 2013/01/14 v3.01 AMS symbols A
)
LaTeX Font Info:    Try loading font information for U+msb on input line 50.
 ("C:\Program Files\MiKTeX 2.9\tex\latex\amsfonts\umsb.fd"
File: umsb.fd 2013/01/14 v3.01 AMS symbols B
)
LaTeX Font Info:    Try loading font information for OT1+pcr on input line 50.

("C:\Program Files\MiKTeX 2.9\tex\latex\psnfss\ot1pcr.fd"
File: ot1pcr.fd 2001/06/04 font definitions for OT1/pcr.
)
LaTeX Font Info:    Font shape `OT1/ptm/bx/n' in size <12> not available
(Font)              Font shape `OT1/ptm/b/n' tried instead on input line 52.
 (intro.tex
Package epstopdf Info: Source file: <Figs4Paper/_final/img_burger.eps>
(epstopdf)                    date: 2017-06-11 11:48:21
(epstopdf)                    size: 856155 bytes
(epstopdf)             Output file: <Figs4Paper/_final/img_burger-eps-converted-to.pdf>
(epstopdf)                    date: 2017-06-11 11:51:41
(epstopdf)                    size: 22092 bytes
(epstopdf)             Command: <epstopdf --outfile=Figs4Paper/_final/img_burger-eps-converted-to.pdf Figs4Paper/_final/
img_burger.eps>
(epstopdf)             \includegraphics on input line 13.
Package epstopdf Info: Output file is already uptodate.

<Figs4Paper/_final/img_burger-eps-converted-to.pdf, id=9, 441.65pt x 319.1925pt>
File: Figs4Paper/_final/img_burger-eps-converted-to.pdf Graphic file (type pdf)

<use Figs4Paper/_final/img_burger-eps-converted-to.pdf>
Package pdftex.def Info: Figs4Paper/_final/img_burger-eps-converted-to.pdf used on input line 13.
(pdftex.def)             Requested size: 115.62823pt x 90.33763pt.

Overfull \hbox (20.77531pt too wide) in paragraph at lines 13--14
[][] 
 []

Package epstopdf Info: Source file: <Figs4Paper/_final/img_pizza.eps>
(epstopdf)                    date: 2017-06-11 11:49:16
(epstopdf)                    size: 1660507 bytes
(epstopdf)             Output file: <Figs4Paper/_final/img_pizza-eps-converted-to.pdf>
(epstopdf)                    date: 2017-06-11 11:51:44
(epstopdf)                    size: 36305 bytes
(epstopdf)             Command: <epstopdf --outfile=Figs4Paper/_final/img_pizza-eps-converted-to.pdf Figs4Paper/_final/i
mg_pizza.eps>
(epstopdf)             \includegraphics on input line 18.
Package epstopdf Info: Output file is already uptodate.
<Figs4Paper/_final/img_pizza-eps-converted-to.pdf, id=10, 159.59625pt x 98.3675pt>
File: Figs4Paper/_final/img_pizza-eps-converted-to.pdf Graphic file (type pdf)

<use Figs4Paper/_final/img_pizza-eps-converted-to.pdf>
Package pdftex.def Info: Figs4Paper/_final/img_pizza-eps-converted-to.pdf used on input line 18.
(pdftex.def)             Requested size: 115.63246pt x 90.33707pt.

Overfull \hbox (20.77954pt too wide) in paragraph at lines 18--19
[][] 
 []

) (related.tex
Underfull \vbox (badness 10000) has occurred while \output is active []

) (methods.tex [1{C:/ProgramData/MiKTeX/2.9/pdftex/config/pdftex.map}


 <./Figs4Paper/_final/img_burger-eps-converted-to.pdf> <./Figs4Paper/_final/img_pizza-eps-converted-to.pdf>]
LaTeX Font Info:    Try loading font information for OMS+ptm on input line 6.
 ("C:\Program Files\MiKTeX 2.9\tex\latex\psnfss\omsptm.fd"
File: omsptm.fd 
)
LaTeX Font Info:    Font shape `OMS/ptm/m/n' in size <10> not available
(Font)              Font shape `OMS/cmsy/m/n' tried instead on input line 6.
LaTeX Font Info:    Font shape `OT1/ptm/bx/n' in size <10> not available
(Font)              Font shape `OT1/ptm/b/n' tried instead on input line 6.
 [2]
Underfull \hbox (badness 1377) in paragraph at lines 84--85
\OT1/ptm/m/n/10 SGD+Momentum [[], []], Nes-terov Mo-men-tum [[]],
 []

) (dataset.tex
Underfull \hbox (badness 2111) in paragraph at lines 11--12
[]\OT1/ptm/m/n/10 We col-lected our dataset us-ing the Google Im-age
 []

) (results.tex
Underfull \vbox (badness 5374) has occurred while \output is active []

 [3]

LaTeX Warning: `!h' float specifier changed to `!ht'.

Package epstopdf Info: Source file: <Figs4Paper/_final/svm_learnedweights_burger.eps>
(epstopdf)                    date: 2017-06-11 10:45:21
(epstopdf)                    size: 4867400 bytes
(epstopdf)             Output file: <Figs4Paper/_final/svm_learnedweights_burger-eps-converted-to.pdf>
(epstopdf)                    date: 2017-06-11 10:50:28
(epstopdf)                    size: 33759 bytes
(epstopdf)             Command: <epstopdf --outfile=Figs4Paper/_final/svm_learnedweights_burger-eps-converted-to.pdf Fig
s4Paper/_final/svm_learnedweights_burger.eps>
(epstopdf)             \includegraphics on input line 41.
Package epstopdf Info: Output file is already uptodate.
<Figs4Paper/_final/svm_learnedweights_burger-eps-converted-to.pdf, id=118, 722.7pt x 578.16pt>
File: Figs4Paper/_final/svm_learnedweights_burger-eps-converted-to.pdf Graphic file (type pdf)

<use Figs4Paper/_final/svm_learnedweights_burger-eps-converted-to.pdf>
Package pdftex.def Info: Figs4Paper/_final/svm_learnedweights_burger-eps-converted-to.pdf used on input line 41.
(pdftex.def)             Requested size: 115.62332pt x 90.33727pt.

Overfull \hbox (20.7704pt too wide) in paragraph at lines 41--42
[][] 
 []

Package epstopdf Info: Source file: <Figs4Paper/_final/svm_learnedweights_pizza.eps>
(epstopdf)                    date: 2017-06-11 10:45:55
(epstopdf)                    size: 4867399 bytes
(epstopdf)             Output file: <Figs4Paper/_final/svm_learnedweights_pizza-eps-converted-to.pdf>
(epstopdf)                    date: 2017-06-11 10:50:37
(epstopdf)                    size: 27752 bytes
(epstopdf)             Command: <epstopdf --outfile=Figs4Paper/_final/svm_learnedweights_pizza-eps-converted-to.pdf Figs
4Paper/_final/svm_learnedweights_pizza.eps>
(epstopdf)             \includegraphics on input line 46.
Package epstopdf Info: Output file is already uptodate.
<Figs4Paper/_final/svm_learnedweights_pizza-eps-converted-to.pdf, id=119, 722.7pt x 578.16pt>
File: Figs4Paper/_final/svm_learnedweights_pizza-eps-converted-to.pdf Graphic file (type pdf)

<use Figs4Paper/_final/svm_learnedweights_pizza-eps-converted-to.pdf>
Package pdftex.def Info: Figs4Paper/_final/svm_learnedweights_pizza-eps-converted-to.pdf used on input line 46.
(pdftex.def)             Requested size: 115.62332pt x 90.33727pt.

Overfull \hbox (20.7704pt too wide) in paragraph at lines 46--47
[][] 
 []

Package epstopdf Info: Source file: <Figs4Paper/_final/fcfivelayer_rawpixels_classificationaccuracy.eps>
(epstopdf)                    date: 2017-06-11 11:40:58
(epstopdf)                    size: 1464341 bytes
(epstopdf)             Output file: <Figs4Paper/_final/fcfivelayer_rawpixels_classificationaccuracy-eps-converted-to.pdf
>
(epstopdf)                    date: 2017-06-11 11:41:48
(epstopdf)                    size: 30884 bytes
(epstopdf)             Command: <epstopdf --outfile=Figs4Paper/_final/fcfivelayer_rawpixels_classificationaccuracy-eps-c
onverted-to.pdf Figs4Paper/_final/fcfivelayer_rawpixels_classificationaccuracy.eps>
(epstopdf)             \includegraphics on input line 63.
Package epstopdf Info: Output file is already uptodate.
<Figs4Paper/_final/fcfivelayer_rawpixels_classificationaccuracy-eps-converted-to.pdf, id=121, 433.62pt x 289.08pt>
File: Figs4Paper/_final/fcfivelayer_rawpixels_classificationaccuracy-eps-converted-to.pdf Graphic file (type pdf)

<use Figs4Paper/_final/fcfivelayer_rawpixels_classificationaccuracy-eps-converted-to.pdf>
Package pdftex.def Info: Figs4Paper/_final/fcfivelayer_rawpixels_classificationaccuracy-eps-converted-to.pdf used on inp
ut line 63.
(pdftex.def)             Requested size: 180.67676pt x 108.40472pt.


LaTeX Warning: `!h' float specifier changed to `!ht'.

Package epstopdf Info: Source file: <Figs4Paper/_final/convnet_architecture.eps>
(epstopdf)                    date: 2017-06-11 16:08:59
(epstopdf)                    size: 4472701 bytes
(epstopdf)             Output file: <Figs4Paper/_final/convnet_architecture-eps-converted-to.pdf>
(epstopdf)                    date: 2017-06-11 16:10:58
(epstopdf)                    size: 54085 bytes
(epstopdf)             Command: <epstopdf --outfile=Figs4Paper/_final/convnet_architecture-eps-converted-to.pdf Figs4Pap
er/_final/convnet_architecture.eps>
(epstopdf)             \includegraphics on input line 79.
Package epstopdf Info: Output file is already uptodate.
<Figs4Paper/_final/convnet_architecture-eps-converted-to.pdf, id=125, 1111.15125pt x 375.4025pt>
File: Figs4Paper/_final/convnet_architecture-eps-converted-to.pdf Graphic file (type pdf)

<use Figs4Paper/_final/convnet_architecture-eps-converted-to.pdf>
Package pdftex.def Info: Figs4Paper/_final/convnet_architecture-eps-converted-to.pdf used on input line 79.
(pdftex.def)             Requested size: 341.43306pt x 115.35396pt.


LaTeX Warning: `!h' float specifier changed to `!ht'.

Package epstopdf Info: Source file: <Figs4Paper/_final/imagefeatures_fctwolayer_classificationaccuracy.eps>
(epstopdf)                    date: 2017-06-11 17:37:43
(epstopdf)                    size: 1464344 bytes
(epstopdf)             Output file: <Figs4Paper/_final/imagefeatures_fctwolayer_classificationaccuracy-eps-converted-to.
pdf>
(epstopdf)                    date: 2017-06-11 17:41:15
(epstopdf)                    size: 26845 bytes
(epstopdf)             Command: <epstopdf --outfile=Figs4Paper/_final/imagefeatures_fctwolayer_classificationaccuracy-ep
s-converted-to.pdf Figs4Paper/_final/imagefeatures_fctwolayer_classificationaccuracy.eps>
(epstopdf)             \includegraphics on input line 90.
Package epstopdf Info: Output file is already uptodate.
<Figs4Paper/_final/imagefeatures_fctwolayer_classificationaccuracy-eps-converted-to.pdf, id=126, 433.62pt x 289.08pt>
File: Figs4Paper/_final/imagefeatures_fctwolayer_classificationaccuracy-eps-converted-to.pdf Graphic file (type pdf)

<use Figs4Paper/_final/imagefeatures_fctwolayer_classificationaccuracy-eps-converted-to.pdf>
Package pdftex.def Info: Figs4Paper/_final/imagefeatures_fctwolayer_classificationaccuracy-eps-converted-to.pdf used on 
input line 90.
(pdftex.def)             Requested size: 180.67676pt x 108.40472pt.


LaTeX Warning: `!h' float specifier changed to `!ht'.

[4 <./Figs4Paper/_final/svm_learnedweights_burger-eps-converted-to.pdf> <./Figs4Paper/_final/svm_learnedweights_pizza-ep
s-converted-to.pdf> <./Figs4Paper/_final/fcfivelayer_rawpixels_classificationaccuracy-eps-converted-to.pdf>]
Package epstopdf Info: Source file: <Figs4Paper/_final/convnet_losshist_epoch1.eps>
(epstopdf)                    date: 2017-06-11 13:01:43
(epstopdf)                    size: 761934 bytes
(epstopdf)             Output file: <Figs4Paper/_final/convnet_losshist_epoch1-eps-converted-to.pdf>
(epstopdf)                    date: 2017-06-11 13:03:19
(epstopdf)                    size: 22146 bytes
(epstopdf)             Command: <epstopdf --outfile=Figs4Paper/_final/convnet_losshist_epoch1-eps-converted-to.pdf Figs4
Paper/_final/convnet_losshist_epoch1.eps>
(epstopdf)             \includegraphics on input line 123.
Package epstopdf Info: Output file is already uptodate.

<Figs4Paper/_final/convnet_losshist_epoch1-eps-converted-to.pdf, id=159, 433.62pt x 289.08pt>
File: Figs4Paper/_final/convnet_losshist_epoch1-eps-converted-to.pdf Graphic file (type pdf)

<use Figs4Paper/_final/convnet_losshist_epoch1-eps-converted-to.pdf>
Package pdftex.def Info: Figs4Paper/_final/convnet_losshist_epoch1-eps-converted-to.pdf used on input line 123.
(pdftex.def)             Requested size: 180.67676pt x 108.40472pt.
Package epstopdf Info: Source file: <Figs4Paper/_final/convnet_classificationaccuracy.eps>
(epstopdf)                    date: 2017-06-11 12:38:14
(epstopdf)                    size: 761941 bytes
(epstopdf)             Output file: <Figs4Paper/_final/convnet_classificationaccuracy-eps-converted-to.pdf>
(epstopdf)                    date: 2017-06-11 12:39:57
(epstopdf)                    size: 19468 bytes
(epstopdf)             Command: <epstopdf --outfile=Figs4Paper/_final/convnet_classificationaccuracy-eps-converted-to.pd
f Figs4Paper/_final/convnet_classificationaccuracy.eps>
(epstopdf)             \includegraphics on input line 132.
Package epstopdf Info: Output file is already uptodate.

<Figs4Paper/_final/convnet_classificationaccuracy-eps-converted-to.pdf, id=161, 433.62pt x 289.08pt>
File: Figs4Paper/_final/convnet_classificationaccuracy-eps-converted-to.pdf Graphic file (type pdf)

<use Figs4Paper/_final/convnet_classificationaccuracy-eps-converted-to.pdf>
Package pdftex.def Info: Figs4Paper/_final/convnet_classificationaccuracy-eps-converted-to.pdf used on input line 132.
(pdftex.def)             Requested size: 180.67676pt x 108.40472pt.


LaTeX Warning: `!h' float specifier changed to `!ht'.

Package epstopdf Info: Source file: <Figs4Paper/_final/transferlearning.eps>
(epstopdf)                    date: 2017-06-11 16:56:36
(epstopdf)                    size: 761927 bytes
(epstopdf)             Output file: <Figs4Paper/_final/transferlearning-eps-converted-to.pdf>
(epstopdf)                    date: 2017-06-11 17:00:55
(epstopdf)                    size: 20780 bytes
(epstopdf)             Command: <epstopdf --outfile=Figs4Paper/_final/transferlearning-eps-converted-to.pdf Figs4Paper/_
final/transferlearning.eps>
(epstopdf)             \includegraphics on input line 144.
Package epstopdf Info: Output file is already uptodate.
<Figs4Paper/_final/transferlearning-eps-converted-to.pdf, id=163, 433.62pt x 289.08pt>
File: Figs4Paper/_final/transferlearning-eps-converted-to.pdf Graphic file (type pdf)

<use Figs4Paper/_final/transferlearning-eps-converted-to.pdf>
Package pdftex.def Info: Figs4Paper/_final/transferlearning-eps-converted-to.pdf used on input line 144.
(pdftex.def)             Requested size: 180.67676pt x 108.40472pt.
 [5 <./Figs4Paper/_final/convnet_architecture-eps-converted-to.pdf> <./Figs4Paper/_final/imagefeatures_fctwolayer_classi
ficationaccuracy-eps-converted-to.pdf> <./Figs4Paper/_final/convnet_losshist_epoch1-eps-converted-to.pdf>]) (conclusion.
tex) (main_trials.bbl
Underfull \hbox (badness 1067) in paragraph at lines 4--7
[]\OT1/ptm/m/n/9 Bing im-age search api.  https://azure.microsoft.com/en-
 []


Underfull \hbox (badness 10000) in paragraph at lines 17--19
[]\OT1/ptm/m/n/9 Github. ten-sor-flow fine-tune gist.
 []


Underfull \hbox (badness 10000) in paragraph at lines 33--35
[]\OT1/ptm/m/n/9 Kaggle. yelp restau-rant photo clas-si-fi-ca-tion.
 []


Underfull \hbox (badness 10000) in paragraph at lines 33--35
\OT1/ptm/m/n/9 https://www.kaggle.com/c/yelp-restaurant-photo-
 []

[6 <./Figs4Paper/_final/convnet_classificationaccuracy-eps-converted-to.pdf> <./Figs4Paper/_final/transferlearning-eps-c
onverted-to.pdf>])
Package atveryend Info: Empty hook `BeforeClearDocument' on input line 79.
 [7

]
Package atveryend Info: Empty hook `AfterLastShipout' on input line 79.
 (main_trials.aux)
Package atveryend Info: Executing hook `AtVeryEndDocument' on input line 79.
Package atveryend Info: Empty hook `AtEndAfterFileList' on input line 79.
Package atveryend Info: Empty hook `AtVeryVeryEnd' on input line 79.
 ) 
Here is how much of TeX's memory you used:
 8294 strings out of 493328
 125314 string characters out of 3139115
 222659 words of memory out of 3000000
 11606 multiletter control sequences out of 15000+200000
 29142 words of font info for 72 fonts, out of 3000000 for 9000
 1141 hyphenation exceptions out of 8191
 42i,12n,40p,787b,474s stack positions out of 5000i,500n,10000p,200000b,50000s
{C:/Program Files/MiKTeX 2.9/fonts/enc/dvips/base/8r.enc}<C:/Program Files/MiKTeX 2.9/fonts/type1/public/amsfonts/cm/c
mex10.pfb><C:/Program Files/MiKTeX 2.9/fonts/type1/public/amsfonts/cm/cmmi10.pfb><C:/Program Files/MiKTeX 2.9/fonts/type
1/public/amsfonts/cm/cmmi5.pfb><C:/Program Files/MiKTeX 2.9/fonts/type1/public/amsfonts/cm/cmmi7.pfb><C:/Program Files/M
iKTeX 2.9/fonts/type1/public/amsfonts/cm/cmmib10.pfb><C:/Program Files/MiKTeX 2.9/fonts/type1/public/amsfonts/cmextra/cm
mib7.pfb><C:/Program Files/MiKTeX 2.9/fonts/type1/public/amsfonts/cm/cmr10.pfb><C:/Program Files/MiKTeX 2.9/fonts/type1/
public/amsfonts/cm/cmr7.pfb><C:/Program Files/MiKTeX 2.9/fonts/type1/public/amsfonts/cm/cmsy10.pfb><C:/Program Files/MiK
TeX 2.9/fonts/type1/public/amsfonts/cm/cmsy7.pfb><C:/Program Files/MiKTeX 2.9/fonts/type1/urw/courier/ucrr8a.pfb><C:/Pro
gram Files/MiKTeX 2.9/fonts/type1/urw/times/utmb8a.pfb><C:/Program Files/MiKTeX 2.9/fonts/type1/urw/times/utmr8a.pfb><C:
/Program Files/MiKTeX 2.9/fonts/type1/urw/times/utmri8a.pfb>
Output written on main_trials.pdf (7 pages, 473821 bytes).
PDF statistics:
 269 PDF objects out of 1000 (max. 8388607)
 72 named destinations out of 1000 (max. 500000)
 51 words of extra memory for PDF output out of 10000 (max. 10000000)

